# JRE version: OpenJDK Runtime Environment (8.0_181-b13) (build 1.8.0_181-8u181-b13-0ubuntu0.18.04.1-b13)
# Java VM: OpenJDK 64-Bit Server VM (25.181-b13 mixed mode linux-amd64 compressed oops)
Heap:
 PSYoungGen      total 99328K, used 5088K [0x00000000eb700000, 0x00000000f2280000, 0x0000000100000000)
  eden space 94208K, 0% used [0x00000000eb700000,0x00000000eb700000,0x00000000f1300000)
  from space 5120K, 99% used [0x00000000f1880000,0x00000000f1d78158,0x00000000f1d80000)
  to   space 4096K, 0% used [0x00000000f1e80000,0x00000000f1e80000,0x00000000f2280000)
 ParOldGen       total 25088K, used 9299K [0x00000000c2400000, 0x00000000c3c80000, 0x00000000eb700000)
  object space 25088K, 37% used [0x00000000c2400000,0x00000000c2d14c10,0x00000000c3c80000)
 Metaspace       used 29894K, capacity 30246K, committed 30592K, reserved 1075200K
  class space    used 3802K, capacity 3923K, committed 3968K, reserved 1048576K
GC Heap History (10 events):
Event: 6,325 GC heap after
Heap after GC invocations=7 (full 0):
 PSYoungGen      total 36352K, used 3718K [0x00000000eb700000, 0x00000000efe00000, 0x0000000100000000)
  eden space 31744K, 0% used [0x00000000eb700000,0x00000000eb700000,0x00000000ed600000)
  from space 4608K, 80% used [0x00000000ed600000,0x00000000ed9a1b20,0x00000000eda80000)
  to   space 4608K, 0% used [0x00000000ef980000,0x00000000ef980000,0x00000000efe00000)
 ParOldGen       total 42496K, used 3652K [0x00000000c2400000, 0x00000000c4d80000, 0x00000000eb700000)
  object space 42496K, 8% used [0x00000000c2400000,0x00000000c27912e0,0x00000000c4d80000)
 Metaspace       used 18075K, capacity 18484K, committed 18688K, reserved 1064960K
  class space    used 2158K, capacity 2284K, committed 2304K, reserved 1048576K
}
Event: 6,906 GC heap before
{Heap before GC invocations=8 (full 0):
 PSYoungGen      total 36352K, used 35462K [0x00000000eb700000, 0x00000000efe00000, 0x0000000100000000)
  eden space 31744K, 100% used [0x00000000eb700000,0x00000000ed600000,0x00000000ed600000)
  from space 4608K, 80% used [0x00000000ed600000,0x00000000ed9a1b20,0x00000000eda80000)
  to   space 4608K, 0% used [0x00000000ef980000,0x00000000ef980000,0x00000000efe00000)
 ParOldGen       total 42496K, used 3652K [0x00000000c2400000, 0x00000000c4d80000, 0x00000000eb700000)
  object space 42496K, 8% used [0x00000000c2400000,0x00000000c27912e0,0x00000000c4d80000)
 Metaspace       used 20219K, capacity 20600K, committed 20864K, reserved 1067008K
  class space    used 2551K, capacity 2670K, committed 2688K, reserved 1048576K
Event: 6,913 GC heap after
Heap after GC invocations=8 (full 0):
 PSYoungGen      total 67584K, used 3610K [0x00000000eb700000, 0x00000000eff00000, 0x0000000100000000)
  eden space 62976K, 0% used [0x00000000eb700000,0x00000000eb700000,0x00000000ef480000)
  from space 4608K, 78% used [0x00000000ef980000,0x00000000efd06a10,0x00000000efe00000)
  to   space 5120K, 0% used [0x00000000ef480000,0x00000000ef480000,0x00000000ef980000)
 ParOldGen       total 42496K, used 4645K [0x00000000c2400000, 0x00000000c4d80000, 0x00000000eb700000)
  object space 42496K, 10% used [0x00000000c2400000,0x00000000c2889658,0x00000000c4d80000)
 Metaspace       used 20219K, capacity 20600K, committed 20864K, reserved 1067008K
  class space    used 2551K, capacity 2670K, committed 2688K, reserved 1048576K
}
Event: 7,000 GC heap before
{Heap before GC invocations=9 (full 0):
 PSYoungGen      total 67584K, used 10775K [0x00000000eb700000, 0x00000000eff00000, 0x0000000100000000)
  eden space 62976K, 11% used [0x00000000eb700000,0x00000000ebdff558,0x00000000ef480000)
  from space 4608K, 78% used [0x00000000ef980000,0x00000000efd06a10,0x00000000efe00000)
  to   space 5120K, 0% used [0x00000000ef480000,0x00000000ef480000,0x00000000ef980000)
 ParOldGen       total 42496K, used 4645K [0x00000000c2400000, 0x00000000c4d80000, 0x00000000eb700000)
  object space 42496K, 10% used [0x00000000c2400000,0x00000000c2889658,0x00000000c4d80000)
 Metaspace       used 20699K, capacity 21016K, committed 21248K, reserved 1067008K
  class space    used 2593K, capacity 2702K, committed 2816K, reserved 1048576K
Event: 7,016 GC heap after
Heap after GC invocations=9 (full 0):
 PSYoungGen      total 68096K, used 1554K [0x00000000eb700000, 0x00000000f2380000, 0x0000000100000000)
  eden space 62976K, 0% used [0x00000000eb700000,0x00000000eb700000,0x00000000ef480000)
  from space 5120K, 30% used [0x00000000ef480000,0x00000000ef604a80,0x00000000ef980000)
  to   space 5120K, 0% used [0x00000000f1e80000,0x00000000f1e80000,0x00000000f2380000)
 ParOldGen       total 42496K, used 5181K [0x00000000c2400000, 0x00000000c4d80000, 0x00000000eb700000)
  object space 42496K, 12% used [0x00000000c2400000,0x00000000c290f658,0x00000000c4d80000)
 Metaspace       used 20699K, capacity 21016K, committed 21248K, reserved 1067008K
  class space    used 2593K, capacity 2702K, committed 2816K, reserved 1048576K
}
Event: 7,016 GC heap before
{Heap before GC invocations=10 (full 1):
 PSYoungGen      total 68096K, used 1554K [0x00000000eb700000, 0x00000000f2380000, 0x0000000100000000)
  eden space 62976K, 0% used [0x00000000eb700000,0x00000000eb700000,0x00000000ef480000)
  from space 5120K, 30% used [0x00000000ef480000,0x00000000ef604a80,0x00000000ef980000)
  to   space 5120K, 0% used [0x00000000f1e80000,0x00000000f1e80000,0x00000000f2380000)
 ParOldGen       total 42496K, used 5181K [0x00000000c2400000, 0x00000000c4d80000, 0x00000000eb700000)
  object space 42496K, 12% used [0x00000000c2400000,0x00000000c290f658,0x00000000c4d80000)
 Metaspace       used 20699K, capacity 21016K, committed 21248K, reserved 1067008K
  class space    used 2593K, capacity 2702K, committed 2816K, reserved 1048576K
Event: 7,078 GC heap after
Heap after GC invocations=10 (full 1):
 PSYoungGen      total 68096K, used 0K [0x00000000eb700000, 0x00000000f2380000, 0x0000000100000000)
  eden space 62976K, 0% used [0x00000000eb700000,0x00000000eb700000,0x00000000ef480000)
  from space 5120K, 0% used [0x00000000ef480000,0x00000000ef480000,0x00000000ef980000)
  to   space 5120K, 0% used [0x00000000f1e80000,0x00000000f1e80000,0x00000000f2380000)
 ParOldGen       total 25088K, used 4626K [0x00000000c2400000, 0x00000000c3c80000, 0x00000000eb700000)
  object space 25088K, 18% used [0x00000000c2400000,0x00000000c2884b28,0x00000000c3c80000)
 Metaspace       used 20699K, capacity 21016K, committed 21248K, reserved 1067008K
  class space    used 2593K, capacity 2702K, committed 2816K, reserved 1048576K
}
Event: 8,343 GC heap before
{Heap before GC invocations=11 (full 1):
 PSYoungGen      total 68096K, used 62976K [0x00000000eb700000, 0x00000000f2380000, 0x0000000100000000)
  eden space 62976K, 100% used [0x00000000eb700000,0x00000000ef480000,0x00000000ef480000)
  from space 5120K, 0% used [0x00000000ef480000,0x00000000ef480000,0x00000000ef980000)
  to   space 5120K, 0% used [0x00000000f1e80000,0x00000000f1e80000,0x00000000f2380000)
 ParOldGen       total 25088K, used 4626K [0x00000000c2400000, 0x00000000c3c80000, 0x00000000eb700000)
  object space 25088K, 18% used [0x00000000c2400000,0x00000000c2884b28,0x00000000c3c80000)
 Metaspace       used 24830K, capacity 25222K, committed 25600K, reserved 1071104K
  class space    used 3169K, capacity 3251K, committed 3328K, reserved 1048576K
Event: 8,356 GC heap after
Heap after GC invocations=11 (full 1):
 PSYoungGen      total 98304K, used 3845K [0x00000000eb700000, 0x00000000f2280000, 0x0000000100000000)
  eden space 94208K, 0% used [0x00000000eb700000,0x00000000eb700000,0x00000000f1300000)
  from space 4096K, 93% used [0x00000000f1e80000,0x00000000f2241778,0x00000000f2280000)
  to   space 5120K, 0% used [0x00000000f1880000,0x00000000f1880000,0x00000000f1d80000)
 ParOldGen       total 25088K, used 4626K [0x00000000c2400000, 0x00000000c3c80000, 0x00000000eb700000)
  object space 25088K, 18% used [0x00000000c2400000,0x00000000c2884b28,0x00000000c3c80000)
 Metaspace       used 24830K, capacity 25222K, committed 25600K, reserved 1071104K
  class space    used 3169K, capacity 3251K, committed 3328K, reserved 1048576K
}
Event: 11,233 GC heap before
{Heap before GC invocations=12 (full 1):
 PSYoungGen      total 98304K, used 98053K [0x00000000eb700000, 0x00000000f2280000, 0x0000000100000000)
  eden space 94208K, 100% used [0x00000000eb700000,0x00000000f1300000,0x00000000f1300000)
  from space 4096K, 93% used [0x00000000f1e80000,0x00000000f2241778,0x00000000f2280000)
  to   space 5120K, 0% used [0x00000000f1880000,0x00000000f1880000,0x00000000f1d80000)
 ParOldGen       total 25088K, used 4626K [0x00000000c2400000, 0x00000000c3c80000, 0x00000000eb700000)
  object space 25088K, 18% used [0x00000000c2400000,0x00000000c2884b28,0x00000000c3c80000)
 Metaspace       used 29894K, capacity 30246K, committed 30592K, reserved 1075200K
  class space    used 3802K, capacity 3923K, committed 3968K, reserved 1048576K

